Step 5 - Reconstruct Meshes - 2025-11-10 12:26:10
============================================================

Reconstructed 8 mesh files

File: branch.obj
  Vertices: 2767
  Method: minmax
    Reconstructed shape: (2767, 3)
    First vertex: [0.09796746334310835, 0.0, 0.4429397096774194]
  Method: sphere
    Reconstructed shape: (2767, 3)
    First vertex: [0.09788332528964652, -0.0016400998123802246, 0.4427358434400892]

File: cylinder.obj
  Vertices: 192
  Method: minmax
    Reconstructed shape: (192, 3)
    First vertex: [-0.0009775171065493637, -1.0, -1.0]
  Method: sphere
    Reconstructed shape: (192, 3)
    First vertex: [-0.0013824181634277282, -1.002253168485102, -1.002253168485102]

File: explosive.obj
  Vertices: 2844
  Method: minmax
    Reconstructed shape: (2844, 3)
    First vertex: [-0.199625, 0.22776148582600195, -0.00019269403714564093]
  Method: sphere
    Reconstructed shape: (2844, 3)
    First vertex: [-0.2005041519457997, 0.22743758065284336, -0.0008262696572491584]

File: fence.obj
  Vertices: 1090
  Method: minmax
    Reconstructed shape: (1090, 3)
    First vertex: [-0.5, 0.08983922776148583, -0.0075]
  Method: sphere
    Reconstructed shape: (1090, 3)
    First vertex: [-0.5005659361052933, 0.08962243184073926, -0.008260079288033455]

File: girl.obj
  Vertices: 8400
  Method: minmax
    Reconstructed shape: (8400, 3)
    First vertex: [-0.5, 0.28025495894428154, -0.06259832160312806]
  Method: sphere
    Reconstructed shape: (8400, 3)
    First vertex: [-0.500586471535855, 0.28030196818826797, -0.06315031227840145]

File: person.obj
  Vertices: 3106
  Method: minmax
    Reconstructed shape: (3106, 3)
    First vertex: [0.6984513607038123, 1.1889054154447702, -0.12340217888563049]
  Method: sphere
    Reconstructed shape: (3106, 3)
    First vertex: [0.6978294010429817, 1.1882549215346032, -0.12313227764971489]

File: table.obj
  Vertices: 3148
  Method: minmax
    Reconstructed shape: (3148, 3)
    First vertex: [-0.208906, 0.5591363978494623, -0.4833822091886608]
  Method: sphere
    Reconstructed shape: (3148, 3)
    First vertex: [-0.20956853783286106, 0.558876355635923, -0.48408632459144674]

File: talwar.obj
  Vertices: 1681
  Method: minmax
    Reconstructed shape: (1681, 3)
    First vertex: [-0.031922, 0.23558162267839688, -0.00011451221896383035]
  Method: sphere
    Reconstructed shape: (1681, 3)
    First vertex: [-0.03236606141074362, 0.2361034056095922, -0.0009309901945248021]

