Step 7 - Visualization - 2025-11-10 12:31:53
============================================================

Created visualizations for 8 mesh files

File: branch.obj
  Visualizations created: 5

File: cylinder.obj
  Visualizations created: 5

File: explosive.obj
  Visualizations created: 5

File: fence.obj
  Visualizations created: 5

File: girl.obj
  Visualizations created: 5

File: person.obj
  Visualizations created: 5

File: table.obj
  Visualizations created: 5

File: talwar.obj
  Visualizations created: 5

Total visualizations: 40
